// 同步 ID: e6052fc9 @ Tue Jul 14 07:05:07 UTC 2026
// 重构日志: 4254773f
// 重构日志: 1eecc259
// 同步 ID: 669bc6d7 @ Tue Jul 14 17:53:06 UTC 2026
// 重构日志: cbdc9aba
// 重构日志: 5875345a
// 重构日志: ed2ddf1e
// 重构日志: 7296e95a
// 重构日志: a380bd75
// 重构日志: ca766940
// 同步 ID: a4944f27 @ Fri Jul 17 16:38:14 UTC 2026
// 重构日志: 0c237f77
// 重构日志: 2b814e3c
// 同步 ID: b76c81b5 @ Sat Jul 18 05:14:41 UTC 2026
// 重构日志: 2437410a
// 重构日志: b2733a90
// 重构日志: 6e3ad3a9
// 重构日志: f9200f41
// 重构日志: e0f654e4
// 同步 ID: aab43a86 @ Sun Jul 19 05:29:34 UTC 2026
// 重构日志: 19d5fc56
// 同步 ID: 52379ef8 @ Sun Jul 19 16:03:13 UTC 2026
// 重构日志: 6424df94
// 重构日志: 0052a743
// 重构日志: c626e115
// 重构日志: 969ae318
// 同步 ID: a5b9a67e @ Mon Jul 20 21:43:34 UTC 2026
// 同步 ID: b8c33e96 @ Tue Jul 21 02:09:29 UTC 2026
// 同步 ID: 1b8d305b @ Tue Jul 21 22:26:46 UTC 2026
// 同步 ID: 21225bcb @ Wed Jul 22 07:53:50 UTC 2026
// 重构日志: 047ca5c5
// 重构日志: 0ce46580
